<?xml version="1.0" encoding="UTF-8"?>
<!-- Generated by org.testng.reporters.JUnitReportReporter -->
<testsuite hostname="Desk215" failures="0" tests="1" name="com.TestApp.SeleniumProject.TestRegistrationPage" time="27.635" errors="0" timestamp="2024-07-10T13:10:22 IST" skipped="0">
  <testcase classname="com.TestApp.SeleniumProject.TestRegistrationPage" name="testRegistrationpage" time="27.635"/>
</testsuite> <!-- com.TestApp.SeleniumProject.TestRegistrationPage -->
