<?xml version="1.0" encoding="UTF-8"?>
<!-- Generated by org.testng.reporters.JUnitReportReporter -->
<testsuite hostname="Desk215" failures="0" tests="1" name="CucumberTestRunner.POMTestrunner" time="21.626" errors="0" timestamp="2024-07-11T11:21:05 IST" skipped="0">
  <testcase classname="CucumberTestRunner.POMTestrunner" name="runScenario" time="21.626"/>
</testsuite> <!-- CucumberTestRunner.POMTestrunner -->
